<?xml version="1.0" encoding="UTF-8"?>
<testsuite xmlns:xsi="http://www.w3.org/2001/XMLSchema-instance" xsi:noNamespaceSchemaLocation="https://maven.apache.org/surefire/maven-surefire-plugin/xsd/surefire-test-report-3.0.xsd" version="3.0" name="br.unioeste.Teste" time="0.008" tests="0" errors="0" skipped="0" failures="0">
  <properties>
    <property name="java.specification.version" value="17"/>
    <property name="sun.cpu.isalist" value="amd64"/>
    <property name="sun.jnu.encoding" value="Cp1252"/>
    <property name="java.class.path" value="C:\Users\juliano.brustolin\Documents\TCC\JGOOSE\e4j\target\test-classes;C:\Users\juliano.brustolin\Documents\TCC\JGOOSE\e4j\target\classes;C:\Users\juliano.brustolin\.m2\repository\junit\junit\3.8.1\junit-3.8.1.jar;C:\Users\juliano.brustolin\.m2\repository\br\unioeste\jgoose\Log\0.0.1\Log-0.0.1.jar;C:\Users\juliano.brustolin\.m2\repository\log4j\log4j\1.2.16\log4j-1.2.16.jar;C:\Users\juliano.brustolin\.m2\repository\org\tinyjee\jgraphx\jgraphx\2.3.0.5\jgraphx-2.3.0.5.jar;C:\Users\juliano.brustolin\.m2\repository\com\db4o\db4o-core-java5\8.0.184.15484\db4o-core-java5-8.0.184.15484.jar;C:\Users\juliano.brustolin\.m2\repository\org\jvnet\jaxb2\maven2\maven-jaxb2-plugin\0.8.3\maven-jaxb2-plugin-0.8.3.jar;C:\Users\juliano.brustolin\.m2\repository\org\jvnet\jaxb2\maven2\maven-jaxb2-plugin-core\0.8.3\maven-jaxb2-plugin-core-0.8.3.jar;C:\Users\juliano.brustolin\.m2\repository\com\sun\org\apache\xml\internal\resolver\20050927\resolver-20050927.jar;C:\Users\juliano.brustolin\.m2\repository\org\apache\maven\maven-plugin-api\2.0.6\maven-plugin-api-2.0.6.jar;C:\Users\juliano.brustolin\.m2\repository\org\sonatype\plexus\plexus-build-api\0.0.7\plexus-build-api-0.0.7.jar;C:\Users\juliano.brustolin\.m2\repository\org\apache\maven\maven-project\2.0.6\maven-project-2.0.6.jar;C:\Users\juliano.brustolin\.m2\repository\org\apache\maven\maven-settings\2.0.6\maven-settings-2.0.6.jar;C:\Users\juliano.brustolin\.m2\repository\org\apache\maven\maven-profile\2.0.6\maven-profile-2.0.6.jar;C:\Users\juliano.brustolin\.m2\repository\org\apache\maven\maven-model\2.0.6\maven-model-2.0.6.jar;C:\Users\juliano.brustolin\.m2\repository\org\apache\maven\maven-artifact-manager\2.0.6\maven-artifact-manager-2.0.6.jar;C:\Users\juliano.brustolin\.m2\repository\org\apache\maven\maven-repository-metadata\2.0.6\maven-repository-metadata-2.0.6.jar;C:\Users\juliano.brustolin\.m2\repository\org\apache\maven\wagon\wagon-provider-api\1.0-beta-2\wagon-provider-api-1.0-beta-2.jar;C:\Users\juliano.brustolin\.m2\repository\org\apache\maven\maven-plugin-registry\2.0.6\maven-plugin-registry-2.0.6.jar;C:\Users\juliano.brustolin\.m2\repository\org\apache\maven\maven-artifact\2.0.6\maven-artifact-2.0.6.jar;C:\Users\juliano.brustolin\.m2\repository\org\codehaus\plexus\plexus-container-default\1.0-alpha-9-stable-1\plexus-container-default-1.0-alpha-9-stable-1.jar;C:\Users\juliano.brustolin\.m2\repository\classworlds\classworlds\1.1-alpha-2\classworlds-1.1-alpha-2.jar;C:\Users\juliano.brustolin\.m2\repository\br\com\ingenieux\maven\annomojo\org.jfrog.maven.maven-plugin-anno\1.4.1\org.jfrog.maven.maven-plugin-anno-1.4.1.jar;C:\Users\juliano.brustolin\.m2\repository\org\codehaus\plexus\plexus-utils\1.5.15\plexus-utils-1.5.15.jar;C:\Users\juliano.brustolin\.m2\repository\org\jvnet\jaxb2\maven2\maven-jaxb22-plugin\0.8.3\maven-jaxb22-plugin-0.8.3.jar;C:\Users\juliano.brustolin\.m2\repository\javax\xml\bind\jaxb-api\2.2.6\jaxb-api-2.2.6.jar;C:\Users\juliano.brustolin\.m2\repository\com\sun\xml\bind\jaxb-impl\2.2.6\jaxb-impl-2.2.6.jar;C:\Users\juliano.brustolin\.m2\repository\com\sun\xml\bind\jaxb-xjc\2.2.6\jaxb-xjc-2.2.6.jar;C:\Users\juliano.brustolin\.m2\repository\org\apache\commons\commons-lang3\3.1\commons-lang3-3.1.jar;C:\Users\juliano.brustolin\.m2\repository\br\unioeste\jgoose\istarml-api\0.0.1\istarml-api-0.0.1.jar;C:\Users\juliano.brustolin\.m2\repository\br\unioeste\jgoose\0.3.0\jgoose-0.3.0.jar;C:\Users\juliano.brustolin\.m2\repository\br\unioeste\jgoose\E4J\0.0.1\E4J-0.0.1.jar;C:\Users\juliano.brustolin\.m2\repository\org\camunda\spin\camunda-spin-core\1.3.0\camunda-spin-core-1.3.0.jar;C:\Users\juliano.brustolin\.m2\repository\org\camunda\commons\camunda-commons-logging\1.2.0\camunda-commons-logging-1.2.0.jar;C:\Users\juliano.brustolin\.m2\repository\org\camunda\commons\camunda-commons-utils\1.2.0\camunda-commons-utils-1.2.0.jar;C:\Users\juliano.brustolin\.m2\repository\org\camunda\spin\camunda-spin-dataformat-all\1.3.0\camunda-spin-dataformat-all-1.3.0.jar;C:\Users\juliano.brustolin\.m2\repository\org\slf4j\slf4j-api\1.7.7\slf4j-api-1.7.7.jar;C:\Users\juliano.brustolin\.m2\repository\com\thoughtworks\xstream\xstream\1.4.9\xstream-1.4.9.jar;C:\Users\juliano.brustolin\.m2\repository\xmlpull\xmlpull\1.1.3.1\xmlpull-1.1.3.1.jar;C:\Users\juliano.brustolin\.m2\repository\xpp3\xpp3_min\1.1.4c\xpp3_min-1.1.4c.jar;C:\Users\juliano.brustolin\.m2\repository\com\itextpdf\itextpdf\5.4.1\itextpdf-5.4.1.jar;"/>
    <property name="java.vm.vendor" value="Oracle Corporation"/>
    <property name="sun.arch.data.model" value="64"/>
    <property name="user.variant" value=""/>
    <property name="java.vendor.url" value="https://java.oracle.com/"/>
    <property name="user.timezone" value="America/Sao_Paulo"/>
    <property name="os.name" value="Windows 11"/>
    <property name="java.vm.specification.version" value="17"/>
    <property name="user.country" value="BR"/>
    <property name="sun.java.launcher" value="SUN_STANDARD"/>
    <property name="sun.boot.library.path" value="C:\Program Files\Java\jdk-17\bin"/>
    <property name="sun.java.command" value="C:\Users\juliano.brustolin\AppData\Local\Temp\surefire15329674679087190841\surefirebooter-20240513155254347_3.jar C:\Users\juliano.brustolin\AppData\Local\Temp\surefire15329674679087190841 2024-05-13T15-52-54_214-jvmRun1 surefire-20240513155254347_1tmp surefire_0-20240513155254347_2tmp"/>
    <property name="jdk.debug" value="release"/>
    <property name="surefire.test.class.path" value="C:\Users\juliano.brustolin\Documents\TCC\JGOOSE\e4j\target\test-classes;C:\Users\juliano.brustolin\Documents\TCC\JGOOSE\e4j\target\classes;C:\Users\juliano.brustolin\.m2\repository\junit\junit\3.8.1\junit-3.8.1.jar;C:\Users\juliano.brustolin\.m2\repository\br\unioeste\jgoose\Log\0.0.1\Log-0.0.1.jar;C:\Users\juliano.brustolin\.m2\repository\log4j\log4j\1.2.16\log4j-1.2.16.jar;C:\Users\juliano.brustolin\.m2\repository\org\tinyjee\jgraphx\jgraphx\2.3.0.5\jgraphx-2.3.0.5.jar;C:\Users\juliano.brustolin\.m2\repository\com\db4o\db4o-core-java5\8.0.184.15484\db4o-core-java5-8.0.184.15484.jar;C:\Users\juliano.brustolin\.m2\repository\org\jvnet\jaxb2\maven2\maven-jaxb2-plugin\0.8.3\maven-jaxb2-plugin-0.8.3.jar;C:\Users\juliano.brustolin\.m2\repository\org\jvnet\jaxb2\maven2\maven-jaxb2-plugin-core\0.8.3\maven-jaxb2-plugin-core-0.8.3.jar;C:\Users\juliano.brustolin\.m2\repository\com\sun\org\apache\xml\internal\resolver\20050927\resolver-20050927.jar;C:\Users\juliano.brustolin\.m2\repository\org\apache\maven\maven-plugin-api\2.0.6\maven-plugin-api-2.0.6.jar;C:\Users\juliano.brustolin\.m2\repository\org\sonatype\plexus\plexus-build-api\0.0.7\plexus-build-api-0.0.7.jar;C:\Users\juliano.brustolin\.m2\repository\org\apache\maven\maven-project\2.0.6\maven-project-2.0.6.jar;C:\Users\juliano.brustolin\.m2\repository\org\apache\maven\maven-settings\2.0.6\maven-settings-2.0.6.jar;C:\Users\juliano.brustolin\.m2\repository\org\apache\maven\maven-profile\2.0.6\maven-profile-2.0.6.jar;C:\Users\juliano.brustolin\.m2\repository\org\apache\maven\maven-model\2.0.6\maven-model-2.0.6.jar;C:\Users\juliano.brustolin\.m2\repository\org\apache\maven\maven-artifact-manager\2.0.6\maven-artifact-manager-2.0.6.jar;C:\Users\juliano.brustolin\.m2\repository\org\apache\maven\maven-repository-metadata\2.0.6\maven-repository-metadata-2.0.6.jar;C:\Users\juliano.brustolin\.m2\repository\org\apache\maven\wagon\wagon-provider-api\1.0-beta-2\wagon-provider-api-1.0-beta-2.jar;C:\Users\juliano.brustolin\.m2\repository\org\apache\maven\maven-plugin-registry\2.0.6\maven-plugin-registry-2.0.6.jar;C:\Users\juliano.brustolin\.m2\repository\org\apache\maven\maven-artifact\2.0.6\maven-artifact-2.0.6.jar;C:\Users\juliano.brustolin\.m2\repository\org\codehaus\plexus\plexus-container-default\1.0-alpha-9-stable-1\plexus-container-default-1.0-alpha-9-stable-1.jar;C:\Users\juliano.brustolin\.m2\repository\classworlds\classworlds\1.1-alpha-2\classworlds-1.1-alpha-2.jar;C:\Users\juliano.brustolin\.m2\repository\br\com\ingenieux\maven\annomojo\org.jfrog.maven.maven-plugin-anno\1.4.1\org.jfrog.maven.maven-plugin-anno-1.4.1.jar;C:\Users\juliano.brustolin\.m2\repository\org\codehaus\plexus\plexus-utils\1.5.15\plexus-utils-1.5.15.jar;C:\Users\juliano.brustolin\.m2\repository\org\jvnet\jaxb2\maven2\maven-jaxb22-plugin\0.8.3\maven-jaxb22-plugin-0.8.3.jar;C:\Users\juliano.brustolin\.m2\repository\javax\xml\bind\jaxb-api\2.2.6\jaxb-api-2.2.6.jar;C:\Users\juliano.brustolin\.m2\repository\com\sun\xml\bind\jaxb-impl\2.2.6\jaxb-impl-2.2.6.jar;C:\Users\juliano.brustolin\.m2\repository\com\sun\xml\bind\jaxb-xjc\2.2.6\jaxb-xjc-2.2.6.jar;C:\Users\juliano.brustolin\.m2\repository\org\apache\commons\commons-lang3\3.1\commons-lang3-3.1.jar;C:\Users\juliano.brustolin\.m2\repository\br\unioeste\jgoose\istarml-api\0.0.1\istarml-api-0.0.1.jar;C:\Users\juliano.brustolin\.m2\repository\br\unioeste\jgoose\0.3.0\jgoose-0.3.0.jar;C:\Users\juliano.brustolin\.m2\repository\br\unioeste\jgoose\E4J\0.0.1\E4J-0.0.1.jar;C:\Users\juliano.brustolin\.m2\repository\org\camunda\spin\camunda-spin-core\1.3.0\camunda-spin-core-1.3.0.jar;C:\Users\juliano.brustolin\.m2\repository\org\camunda\commons\camunda-commons-logging\1.2.0\camunda-commons-logging-1.2.0.jar;C:\Users\juliano.brustolin\.m2\repository\org\camunda\commons\camunda-commons-utils\1.2.0\camunda-commons-utils-1.2.0.jar;C:\Users\juliano.brustolin\.m2\repository\org\camunda\spin\camunda-spin-dataformat-all\1.3.0\camunda-spin-dataformat-all-1.3.0.jar;C:\Users\juliano.brustolin\.m2\repository\org\slf4j\slf4j-api\1.7.7\slf4j-api-1.7.7.jar;C:\Users\juliano.brustolin\.m2\repository\com\thoughtworks\xstream\xstream\1.4.9\xstream-1.4.9.jar;C:\Users\juliano.brustolin\.m2\repository\xmlpull\xmlpull\1.1.3.1\xmlpull-1.1.3.1.jar;C:\Users\juliano.brustolin\.m2\repository\xpp3\xpp3_min\1.1.4c\xpp3_min-1.1.4c.jar;C:\Users\juliano.brustolin\.m2\repository\com\itextpdf\itextpdf\5.4.1\itextpdf-5.4.1.jar;"/>
    <property name="sun.cpu.endian" value="little"/>
    <property name="user.home" value="C:\Users\juliano.brustolin"/>
    <property name="user.language" value="pt"/>
    <property name="java.specification.vendor" value="Oracle Corporation"/>
    <property name="java.version.date" value="2024-01-16"/>
    <property name="java.home" value="C:\Program Files\Java\jdk-17"/>
    <property name="file.separator" value="\"/>
    <property name="basedir" value="C:\Users\juliano.brustolin\Documents\TCC\JGOOSE\e4j"/>
    <property name="java.vm.compressedOopsMode" value="Zero based"/>
    <property name="line.separator" value="&#10;"/>
    <property name="java.vm.specification.vendor" value="Oracle Corporation"/>
    <property name="java.specification.name" value="Java Platform API Specification"/>
    <property name="surefire.real.class.path" value="C:\Users\juliano.brustolin\AppData\Local\Temp\surefire15329674679087190841\surefirebooter-20240513155254347_3.jar"/>
    <property name="user.script" value=""/>
    <property name="sun.management.compiler" value="HotSpot 64-Bit Tiered Compilers"/>
    <property name="java.runtime.version" value="17.0.10+11-LTS-240"/>
    <property name="user.name" value="juliano.brustolin"/>
    <property name="path.separator" value=";"/>
    <property name="os.version" value="10.0"/>
    <property name="java.runtime.name" value="Java(TM) SE Runtime Environment"/>
    <property name="file.encoding" value="Cp1252"/>
    <property name="java.vm.name" value="Java HotSpot(TM) 64-Bit Server VM"/>
    <property name="maven.ext.class.path" value="C:\Program Files\NetBeans-21\netbeans\java\maven-nblib\netbeans-eventspy.jar"/>
    <property name="localRepository" value="C:\Users\juliano.brustolin\.m2\repository"/>
    <property name="java.vendor.url.bug" value="https://bugreport.java.com/bugreport/"/>
    <property name="java.io.tmpdir" value="C:\Users\JULIAN~1.BRU\AppData\Local\Temp\"/>
    <property name="java.version" value="17.0.10"/>
    <property name="user.dir" value="C:\Users\juliano.brustolin\Documents\TCC\JGOOSE\e4j"/>
    <property name="os.arch" value="amd64"/>
    <property name="java.vm.specification.name" value="Java Virtual Machine Specification"/>
    <property name="sun.os.patch.level" value=""/>
    <property name="native.encoding" value="Cp1252"/>
    <property name="java.library.path" value="C:\Program Files\Java\jdk-17\bin;C:\Windows\Sun\Java\bin;C:\Windows\system32;C:\Windows;C:\Program Files\Common Files\Oracle\Java\javapath;C:\Windows\system32;C:\Windows;C:\Windows\System32\Wbem;C:\Windows\System32\WindowsPowerShell\v1.0\;C:\Windows\System32\OpenSSH\;C:\Program Files (x86)\NVIDIA Corporation\PhysX\Common;C:\Program Files\NVIDIA Corporation\NVIDIA NvDLISR;C:\Users\juliano.brustolin\AppData\Roaming\nvm;C:\Program Files\nodejs;C:\Program Files\Git\cmd;C:\Program Files\PuTTY\;C:\Users\juliano.brustolin\AppData\Local\Android\Sdk;C:\Users\juliano.brustolin\AppData\Local\Android\Sdk\emulator;C:\Program Files\Docker\Docker\resources\bin;C:\Program Files\Java\jdk-17\bin;C:\Users\juliano.brustolin\Documents\TCC\Maven\apache-maven-3.9.6-bin\apache-maven-3.9.6\bin;C:\Users\juliano.brustolin\AppData\Local\Microsoft\WindowsApps;C:\Users\juliano.brustolin\AppData\Roaming\nvm;C:\Program Files\nodejs;C:\Users\juliano.brustolin\AppData\Local\Programs\Microsoft VS Code\bin;C:\src\flutter\bin;;."/>
    <property name="java.vm.info" value="mixed mode, sharing"/>
    <property name="java.vendor" value="Oracle Corporation"/>
    <property name="java.vm.version" value="17.0.10+11-LTS-240"/>
    <property name="sun.io.unicode.encoding" value="UnicodeLittle"/>
    <property name="java.class.version" value="61.0"/>
  </properties>
</testsuite>